<?xml version="1.0" encoding="UTF-8" ?>
<testsuites>
 <testsuite name="Protractor Demo App" timestamp="2017-09-12T21:05:41" hostname="localhost" time="36.66" errors="0" tests="5" skipped="0" disabled="0" failures="2">
  <testcase classname="Protractor Demo App" name="Open Application " time="13.737">
   <failure type="exception" message="Error: Error while waiting for Protractor to sync with the page: &quot;window.angular is undefined.  This could be either because this is a non-angular page or because your test involves client-side navigation, which can interfere with Protractor&apos;s bootstrapping.  See http://git.io/v4gXM for details&quot;"><![CDATA[Error: Error while waiting for Protractor to sync with the page: "window.angular is undefined.  This could be either because this is a non-angular page or because your test involves client-side navigation, which can interfere with Protractor's bootstrapping.  See http://git.io/v4gXM for details"
    at runWaitForAngularScript.then (C:\Users\santhosh.250137\AppData\Roaming\npm\node_modules\protractor\lib\browser.ts:653:19)
    at ManagedPromise.invokeCallback_ (C:\Users\santhosh.250137\AppData\Roaming\npm\node_modules\protractor\node_modules\selenium-webdriver\lib\promise.js:1366:14)
    at TaskQueue.execute_ (C:\Users\santhosh.250137\AppData\Roaming\npm\node_modules\protractor\node_modules\selenium-webdriver\lib\promise.js:2970:14)
    at TaskQueue.executeNext_ (C:\Users\santhosh.250137\AppData\Roaming\npm\node_modules\protractor\node_modules\selenium-webdriver\lib\promise.js:2953:27)
    at asyncRun (C:\Users\santhosh.250137\AppData\Roaming\npm\node_modules\protractor\node_modules\selenium-webdriver\lib\promise.js:2813:27)
    at C:\Users\santhosh.250137\AppData\Roaming\npm\node_modules\protractor\node_modules\selenium-webdriver\lib\promise.js:676:7
    at process._tickCallback (internal/process/next_tick.js:109:7)Error
    at ElementArrayFinder.applyAction_ (C:\Users\santhosh.250137\AppData\Roaming\npm\node_modules\protractor\lib\element.ts:482:23)
    at ElementArrayFinder.(anonymous function) [as click] (C:\Users\santhosh.250137\AppData\Roaming\npm\node_modules\protractor\lib\element.ts:96:21)
    at ElementFinder.(anonymous function) [as click] (C:\Users\santhosh.250137\AppData\Roaming\npm\node_modules\protractor\lib\element.ts:873:14)
    at Suite.<anonymous> (D:\NodeJS\Protractor\specs\SMXPlus.js:102:37)
    at addSpecsToSuite (C:\Users\santhosh.250137\AppData\Roaming\npm\node_modules\protractor\node_modules\jasmine-core\lib\jasmine-core\jasmine.js:1013:25)
    at Env.describe (C:\Users\santhosh.250137\AppData\Roaming\npm\node_modules\protractor\node_modules\jasmine-core\lib\jasmine-core\jasmine.js:980:7)
    at describe (C:\Users\santhosh.250137\AppData\Roaming\npm\node_modules\protractor\node_modules\jasmine-core\lib\jasmine-core\jasmine.js:4163:18)
    at Object.<anonymous> (D:\NodeJS\Protractor\specs\SMXPlus.js:5:1)
    at Module._compile (module.js:570:32)
    at Object.Module._extensions..js (module.js:579:10)]]>
   </failure>
   <failure type="exception" message="Failed: Angular could not be found on the page https://smxplus-ui-qa.aws.na.sysco.net/login.If this is not an Angular application, you may need to turn off waiting for Angular.
                          Please see 
                          https://github.com/angular/protractor/blob/master/docs/timeouts.md#waiting-for-angular-on-page-load"><![CDATA[Error: Angular could not be found on the page https://smxplus-ui-qa.aws.na.sysco.net/login.If this is not an Angular application, you may need to turn off waiting for Angular.
                          Please see 
                          https://github.com/angular/protractor/blob/master/docs/timeouts.md#waiting-for-angular-on-page-load
    at executeAsyncScript_.then (C:\Users\santhosh.250137\AppData\Roaming\npm\node_modules\protractor\lib\browser.ts:936:29)
    at ManagedPromise.invokeCallback_ (C:\Users\santhosh.250137\AppData\Roaming\npm\node_modules\protractor\node_modules\selenium-webdriver\lib\promise.js:1366:14)
    at TaskQueue.execute_ (C:\Users\santhosh.250137\AppData\Roaming\npm\node_modules\protractor\node_modules\selenium-webdriver\lib\promise.js:2970:14)
    at TaskQueue.executeNext_ (C:\Users\santhosh.250137\AppData\Roaming\npm\node_modules\protractor\node_modules\selenium-webdriver\lib\promise.js:2953:27)
    at asyncRun (C:\Users\santhosh.250137\AppData\Roaming\npm\node_modules\protractor\node_modules\selenium-webdriver\lib\promise.js:2813:27)
    at C:\Users\santhosh.250137\AppData\Roaming\npm\node_modules\protractor\node_modules\selenium-webdriver\lib\promise.js:676:7
    at process._tickCallback (internal/process/next_tick.js:109:7)
From: Task: Run it("Open Application ") in control flow
    at UserContext.<anonymous> (C:\Users\santhosh.250137\AppData\Roaming\npm\node_modules\protractor\node_modules\jasminewd2\index.js:94:19)
    at attempt (C:\Users\santhosh.250137\AppData\Roaming\npm\node_modules\protractor\node_modules\jasmine-core\lib\jasmine-core\jasmine.js:4071:26)
    at QueueRunner.run (C:\Users\santhosh.250137\AppData\Roaming\npm\node_modules\protractor\node_modules\jasmine-core\lib\jasmine-core\jasmine.js:3991:20)
    at runNext (C:\Users\santhosh.250137\AppData\Roaming\npm\node_modules\protractor\node_modules\jasmine-core\lib\jasmine-core\jasmine.js:4031:20)
    at C:\Users\santhosh.250137\AppData\Roaming\npm\node_modules\protractor\node_modules\jasmine-core\lib\jasmine-core\jasmine.js:4038:13
    at C:\Users\santhosh.250137\AppData\Roaming\npm\node_modules\protractor\node_modules\jasmine-core\lib\jasmine-core\jasmine.js:3946:9
    at handleError (C:\Users\santhosh.250137\AppData\Roaming\npm\node_modules\protractor\node_modules\jasmine-core\lib\jasmine-core\jasmine.js:4018:11)
    at process.onerror (C:\Users\santhosh.250137\AppData\Roaming\npm\node_modules\protractor\node_modules\jasmine-core\lib\jasmine-core\jasmine.js:2233:17)
    at emitOne (events.js:96:13)
    at process.emit (events.js:188:7)
From asynchronous test: 
Error
    at Suite.<anonymous> (D:\NodeJS\Protractor\specs\SMXPlus.js:21:3)
    at addSpecsToSuite (C:\Users\santhosh.250137\AppData\Roaming\npm\node_modules\protractor\node_modules\jasmine-core\lib\jasmine-core\jasmine.js:1013:25)
    at Env.describe (C:\Users\santhosh.250137\AppData\Roaming\npm\node_modules\protractor\node_modules\jasmine-core\lib\jasmine-core\jasmine.js:980:7)
    at describe (C:\Users\santhosh.250137\AppData\Roaming\npm\node_modules\protractor\node_modules\jasmine-core\lib\jasmine-core\jasmine.js:4163:18)
    at Object.<anonymous> (D:\NodeJS\Protractor\specs\SMXPlus.js:5:1)
    at Module._compile (module.js:570:32)
    at Object.Module._extensions..js (module.js:579:10)
    at Module.load (module.js:487:32)
    at tryModuleLoad (module.js:446:12)]]>
   </failure>
  </testcase>
  <testcase classname="Protractor Demo App" name="Enter user name &amp; pwd and click login" time="9.761" />
  <testcase classname="Protractor Demo App" name="Select a Customer" time="10.414" />
  <testcase classname="Protractor Demo App" name="Create New Order" time="1.286" />
  <testcase classname="Protractor Demo App" name="Enter Order Details On CNOM" time="1.45" />
 </testsuite>
</testsuites>