<?xml version="1.0" encoding="UTF-8"?>
<ns2:test-suite xmlns:ns2="urn:model.allure.qatools.yandex.ru" start="1504926517761" stop="1504926559353">
	<name>Protractor Demo App</name>
	<title>Protractor Demo App</title>
	<test-cases>
		<test-case start="1504926517761" stop="1504926534882" status="failed">
			<name>Open Application </name>
			<title>Open Application </title>
			<description></description>
			<labels>
			</labels>
			<parameters>
			</parameters>
			<steps>
			</steps>
			<attachments>
				<attachment title="Screenshot" source="b1b68f7f-f40c-4556-8a44-91c99d3b962b-attachment.png" type="image/png" size="18141"/>
			</attachments>
			<failure>
				<message>Error: Error while waiting for Protractor to sync with the page: &quot;window.angular is undefined.  This could be either because this is a non-angular page or because your test involves client-side navigation, which can interfere with Protractor&apos;s bootstrapping.  See http://git.io/v4gXM for details&quot;</message>
				<stack-trace>Error: Error while waiting for Protractor to sync with the page: &quot;window.angular is undefined.  This could be either because this is a non-angular page or because your test involves client-side navigation, which can interfere with Protractor&apos;s bootstrapping.  See http://git.io/v4gXM for details&quot;
    at runWaitForAngularScript.then (C:\Users\santhosh.250137\AppData\Roaming\npm\node_modules\protractor\lib\browser.ts:653:19)
    at ManagedPromise.invokeCallback_ (C:\Users\santhosh.250137\AppData\Roaming\npm\node_modules\protractor\node_modules\selenium-webdriver\lib\promise.js:1366:14)
    at TaskQueue.execute_ (C:\Users\santhosh.250137\AppData\Roaming\npm\node_modules\protractor\node_modules\selenium-webdriver\lib\promise.js:2970:14)
    at TaskQueue.executeNext_ (C:\Users\santhosh.250137\AppData\Roaming\npm\node_modules\protractor\node_modules\selenium-webdriver\lib\promise.js:2953:27)
    at asyncRun (C:\Users\santhosh.250137\AppData\Roaming\npm\node_modules\protractor\node_modules\selenium-webdriver\lib\promise.js:2813:27)
    at C:\Users\santhosh.250137\AppData\Roaming\npm\node_modules\protractor\node_modules\selenium-webdriver\lib\promise.js:676:7
    at process._tickCallback (internal/process/next_tick.js:109:7)Error
    at ElementArrayFinder.applyAction_ (C:\Users\santhosh.250137\AppData\Roaming\npm\node_modules\protractor\lib\element.ts:482:23)
    at ElementArrayFinder.(anonymous function) [as click] (C:\Users\santhosh.250137\AppData\Roaming\npm\node_modules\protractor\lib\element.ts:96:21)
    at ElementFinder.(anonymous function) [as click] (C:\Users\santhosh.250137\AppData\Roaming\npm\node_modules\protractor\lib\element.ts:873:14)
    at Suite.&lt;anonymous&gt; (D:\NodeJS\Protractor\specs\SMXPlus.js:102:37)
    at addSpecsToSuite (C:\Users\santhosh.250137\AppData\Roaming\npm\node_modules\protractor\node_modules\jasmine-core\lib\jasmine-core\jasmine.js:1013:25)
    at Env.describe (C:\Users\santhosh.250137\AppData\Roaming\npm\node_modules\protractor\node_modules\jasmine-core\lib\jasmine-core\jasmine.js:980:7)
    at describe (C:\Users\santhosh.250137\AppData\Roaming\npm\node_modules\protractor\node_modules\jasmine-core\lib\jasmine-core\jasmine.js:4163:18)
    at Object.&lt;anonymous&gt; (D:\NodeJS\Protractor\specs\SMXPlus.js:5:1)
    at Module._compile (module.js:570:32)
    at Object.Module._extensions..js (module.js:579:10)</stack-trace>
			</failure>
		</test-case>
		<test-case start="1504926534882" stop="1504926535297" status="failed">
			<name>Enter user name &amp; pwd and click login</name>
			<title>Enter user name &amp; pwd and click login</title>
			<description></description>
			<labels>
			</labels>
			<parameters>
			</parameters>
			<steps>
			</steps>
			<attachments>
				<attachment title="Screenshot" source="400a2dca-ae92-413a-a519-c0166adf7c1d-attachment.png" type="image/png" size="18141"/>
			</attachments>
			<failure>
				<message>Failed: No element found using locator: By(css selector, *[id=&quot;userId&quot;])</message>
				<stack-trace>NoSuchElementError: No element found using locator: By(css selector, *[id=&quot;userId&quot;])
    at WebDriverError (C:\Users\santhosh.250137\AppData\Roaming\npm\node_modules\protractor\node_modules\selenium-webdriver\lib\error.js:27:5)
    at NoSuchElementError (C:\Users\santhosh.250137\AppData\Roaming\npm\node_modules\protractor\node_modules\selenium-webdriver\lib\error.js:168:5)
    at elementArrayFinder.getWebElements.then (C:\Users\santhosh.250137\AppData\Roaming\npm\node_modules\protractor\lib\element.ts:851:17)
    at ManagedPromise.invokeCallback_ (C:\Users\santhosh.250137\AppData\Roaming\npm\node_modules\protractor\node_modules\selenium-webdriver\lib\promise.js:1366:14)
    at TaskQueue.execute_ (C:\Users\santhosh.250137\AppData\Roaming\npm\node_modules\protractor\node_modules\selenium-webdriver\lib\promise.js:2970:14)
    at TaskQueue.executeNext_ (C:\Users\santhosh.250137\AppData\Roaming\npm\node_modules\protractor\node_modules\selenium-webdriver\lib\promise.js:2953:27)
    at asyncRun (C:\Users\santhosh.250137\AppData\Roaming\npm\node_modules\protractor\node_modules\selenium-webdriver\lib\promise.js:2813:27)
    at C:\Users\santhosh.250137\AppData\Roaming\npm\node_modules\protractor\node_modules\selenium-webdriver\lib\promise.js:676:7
    at process._tickCallback (internal/process/next_tick.js:109:7)Error
    at ElementArrayFinder.applyAction_ (C:\Users\santhosh.250137\AppData\Roaming\npm\node_modules\protractor\lib\element.ts:482:23)
    at ElementArrayFinder.(anonymous function) [as sendKeys] (C:\Users\santhosh.250137\AppData\Roaming\npm\node_modules\protractor\lib\element.ts:96:21)
    at ElementFinder.(anonymous function) [as sendKeys] (C:\Users\santhosh.250137\AppData\Roaming\npm\node_modules\protractor\lib\element.ts:873:14)
    at Object.exports.login (D:\NodeJS\Protractor\pageObject\loginPage.js:12:15)
    at UserContext.&lt;anonymous&gt; (D:\NodeJS\Protractor\specs\SMXPlus.js:27:15)
    at C:\Users\santhosh.250137\AppData\Roaming\npm\node_modules\protractor\node_modules\jasminewd2\index.js:112:25
    at new ManagedPromise (C:\Users\santhosh.250137\AppData\Roaming\npm\node_modules\protractor\node_modules\selenium-webdriver\lib\promise.js:1067:7)
    at ControlFlow.promise (C:\Users\santhosh.250137\AppData\Roaming\npm\node_modules\protractor\node_modules\selenium-webdriver\lib\promise.js:2396:12)
    at schedulerExecute (C:\Users\santhosh.250137\AppData\Roaming\npm\node_modules\protractor\node_modules\jasminewd2\index.js:95:18)
    at TaskQueue.execute_ (C:\Users\santhosh.250137\AppData\Roaming\npm\node_modules\protractor\node_modules\selenium-webdriver\lib\promise.js:2970:14)
From: Task: Run it(&quot;Enter user name &amp; pwd and click login&quot;) in control flow
    at UserContext.&lt;anonymous&gt; (C:\Users\santhosh.250137\AppData\Roaming\npm\node_modules\protractor\node_modules\jasminewd2\index.js:94:19)
    at attempt (C:\Users\santhosh.250137\AppData\Roaming\npm\node_modules\protractor\node_modules\jasmine-core\lib\jasmine-core\jasmine.js:4071:26)
    at QueueRunner.run (C:\Users\santhosh.250137\AppData\Roaming\npm\node_modules\protractor\node_modules\jasmine-core\lib\jasmine-core\jasmine.js:3991:20)
    at runNext (C:\Users\santhosh.250137\AppData\Roaming\npm\node_modules\protractor\node_modules\jasmine-core\lib\jasmine-core\jasmine.js:4031:20)
    at C:\Users\santhosh.250137\AppData\Roaming\npm\node_modules\protractor\node_modules\jasmine-core\lib\jasmine-core\jasmine.js:4038:13
    at C:\Users\santhosh.250137\AppData\Roaming\npm\node_modules\protractor\node_modules\jasmine-core\lib\jasmine-core\jasmine.js:3946:9
    at C:\Users\santhosh.250137\AppData\Roaming\npm\node_modules\protractor\node_modules\jasminewd2\index.js:64:48
    at ControlFlow.emit (C:\Users\santhosh.250137\AppData\Roaming\npm\node_modules\protractor\node_modules\selenium-webdriver\lib\events.js:62:21)
    at ControlFlow.shutdown_ (C:\Users\santhosh.250137\AppData\Roaming\npm\node_modules\protractor\node_modules\selenium-webdriver\lib\promise.js:2565:10)
    at shutdownTask_.MicroTask (C:\Users\santhosh.250137\AppData\Roaming\npm\node_modules\protractor\node_modules\selenium-webdriver\lib\promise.js:2490:53)
From asynchronous test: 
Error
    at Suite.&lt;anonymous&gt; (D:\NodeJS\Protractor\specs\SMXPlus.js:25:3)
    at addSpecsToSuite (C:\Users\santhosh.250137\AppData\Roaming\npm\node_modules\protractor\node_modules\jasmine-core\lib\jasmine-core\jasmine.js:1013:25)
    at Env.describe (C:\Users\santhosh.250137\AppData\Roaming\npm\node_modules\protractor\node_modules\jasmine-core\lib\jasmine-core\jasmine.js:980:7)
    at describe (C:\Users\santhosh.250137\AppData\Roaming\npm\node_modules\protractor\node_modules\jasmine-core\lib\jasmine-core\jasmine.js:4163:18)
    at Object.&lt;anonymous&gt; (D:\NodeJS\Protractor\specs\SMXPlus.js:5:1)
    at Module._compile (module.js:570:32)
    at Object.Module._extensions..js (module.js:579:10)
    at Module.load (module.js:487:32)
    at tryModuleLoad (module.js:446:12)</stack-trace>
			</failure>
		</test-case>
		<test-case start="1504926535297" stop="1504926550666" status="failed">
			<name>Select a Customer</name>
			<title>Select a Customer</title>
			<description></description>
			<labels>
			</labels>
			<parameters>
			</parameters>
			<steps>
			</steps>
			<attachments>
				<attachment title="Screenshot" source="f8db9141-c402-4131-b5ec-2310510a8672-attachment.png" type="image/png" size="18141"/>
			</attachments>
			<failure>
				<message>Failed: Wait timed out after 15027ms</message>
				<stack-trace>TimeoutError: Wait timed out after 15027ms
    at WebDriverError (C:\Users\santhosh.250137\AppData\Roaming\npm\node_modules\protractor\node_modules\selenium-webdriver\lib\error.js:27:5)
    at TimeoutError (C:\Users\santhosh.250137\AppData\Roaming\npm\node_modules\protractor\node_modules\selenium-webdriver\lib\error.js:238:5)
    at C:\Users\santhosh.250137\AppData\Roaming\npm\node_modules\protractor\node_modules\selenium-webdriver\lib\promise.js:2107:17
    at ManagedPromise.invokeCallback_ (C:\Users\santhosh.250137\AppData\Roaming\npm\node_modules\protractor\node_modules\selenium-webdriver\lib\promise.js:1366:14)
    at TaskQueue.execute_ (C:\Users\santhosh.250137\AppData\Roaming\npm\node_modules\protractor\node_modules\selenium-webdriver\lib\promise.js:2970:14)
    at TaskQueue.executeNext_ (C:\Users\santhosh.250137\AppData\Roaming\npm\node_modules\protractor\node_modules\selenium-webdriver\lib\promise.js:2953:27)
    at asyncRun (C:\Users\santhosh.250137\AppData\Roaming\npm\node_modules\protractor\node_modules\selenium-webdriver\lib\promise.js:2813:27)
    at C:\Users\santhosh.250137\AppData\Roaming\npm\node_modules\protractor\node_modules\selenium-webdriver\lib\promise.js:676:7
    at process._tickCallback (internal/process/next_tick.js:109:7)
From: Task: &lt;anonymous wait&gt;
    at scheduleWait (C:\Users\santhosh.250137\AppData\Roaming\npm\node_modules\protractor\node_modules\selenium-webdriver\lib\promise.js:2094:20)
    at ControlFlow.wait (C:\Users\santhosh.250137\AppData\Roaming\npm\node_modules\protractor\node_modules\selenium-webdriver\lib\promise.js:2408:12)
    at Driver.wait (C:\Users\santhosh.250137\AppData\Roaming\npm\node_modules\protractor\node_modules\selenium-webdriver\lib\webdriver.js:943:29)
    at run (C:\Users\santhosh.250137\AppData\Roaming\npm\node_modules\protractor\lib\browser.ts:66:27)
    at ProtractorBrowser.to.(anonymous function) [as wait] (C:\Users\santhosh.250137\AppData\Roaming\npm\node_modules\protractor\lib\browser.ts:74:12)
    at UserContext.&lt;anonymous&gt; (D:\NodeJS\Protractor\specs\SMXPlus.js:31:13)
    at C:\Users\santhosh.250137\AppData\Roaming\npm\node_modules\protractor\node_modules\jasminewd2\index.js:112:25
    at new ManagedPromise (C:\Users\santhosh.250137\AppData\Roaming\npm\node_modules\protractor\node_modules\selenium-webdriver\lib\promise.js:1067:7)
    at ControlFlow.promise (C:\Users\santhosh.250137\AppData\Roaming\npm\node_modules\protractor\node_modules\selenium-webdriver\lib\promise.js:2396:12)
    at schedulerExecute (C:\Users\santhosh.250137\AppData\Roaming\npm\node_modules\protractor\node_modules\jasminewd2\index.js:95:18)
From: Task: Run it(&quot;Select a Customer&quot;) in control flow
    at UserContext.&lt;anonymous&gt; (C:\Users\santhosh.250137\AppData\Roaming\npm\node_modules\protractor\node_modules\jasminewd2\index.js:94:19)
    at attempt (C:\Users\santhosh.250137\AppData\Roaming\npm\node_modules\protractor\node_modules\jasmine-core\lib\jasmine-core\jasmine.js:4071:26)
    at QueueRunner.run (C:\Users\santhosh.250137\AppData\Roaming\npm\node_modules\protractor\node_modules\jasmine-core\lib\jasmine-core\jasmine.js:3991:20)
    at runNext (C:\Users\santhosh.250137\AppData\Roaming\npm\node_modules\protractor\node_modules\jasmine-core\lib\jasmine-core\jasmine.js:4031:20)
    at C:\Users\santhosh.250137\AppData\Roaming\npm\node_modules\protractor\node_modules\jasmine-core\lib\jasmine-core\jasmine.js:4038:13
    at C:\Users\santhosh.250137\AppData\Roaming\npm\node_modules\protractor\node_modules\jasmine-core\lib\jasmine-core\jasmine.js:3946:9
    at C:\Users\santhosh.250137\AppData\Roaming\npm\node_modules\protractor\node_modules\jasminewd2\index.js:64:48
    at ControlFlow.emit (C:\Users\santhosh.250137\AppData\Roaming\npm\node_modules\protractor\node_modules\selenium-webdriver\lib\events.js:62:21)
    at ControlFlow.shutdown_ (C:\Users\santhosh.250137\AppData\Roaming\npm\node_modules\protractor\node_modules\selenium-webdriver\lib\promise.js:2565:10)
    at shutdownTask_.MicroTask (C:\Users\santhosh.250137\AppData\Roaming\npm\node_modules\protractor\node_modules\selenium-webdriver\lib\promise.js:2490:53)
From asynchronous test: 
Error
    at Suite.&lt;anonymous&gt; (D:\NodeJS\Protractor\specs\SMXPlus.js:30:3)
    at addSpecsToSuite (C:\Users\santhosh.250137\AppData\Roaming\npm\node_modules\protractor\node_modules\jasmine-core\lib\jasmine-core\jasmine.js:1013:25)
    at Env.describe (C:\Users\santhosh.250137\AppData\Roaming\npm\node_modules\protractor\node_modules\jasmine-core\lib\jasmine-core\jasmine.js:980:7)
    at describe (C:\Users\santhosh.250137\AppData\Roaming\npm\node_modules\protractor\node_modules\jasmine-core\lib\jasmine-core\jasmine.js:4163:18)
    at Object.&lt;anonymous&gt; (D:\NodeJS\Protractor\specs\SMXPlus.js:5:1)
    at Module._compile (module.js:570:32)
    at Object.Module._extensions..js (module.js:579:10)
    at Module.load (module.js:487:32)
    at tryModuleLoad (module.js:446:12)</stack-trace>
			</failure>
		</test-case>
		<test-case start="1504926550666" stop="1504926559275" status="failed">
			<name>Create New Order</name>
			<title>Create New Order</title>
			<description></description>
			<labels>
			</labels>
			<parameters>
			</parameters>
			<steps>
			</steps>
			<attachments>
			</attachments>
			<failure>
				<message>Failed: Cannot read property &apos;length&apos; of null</message>
				<stack-trace>TypeError: Cannot read property &apos;length&apos; of null
    at parentElementArrayFinder.getWebElements.then (C:\Users\santhosh.250137\AppData\Roaming\npm\node_modules\protractor\lib\element.ts:1091:14)
    at ManagedPromise.invokeCallback_ (C:\Users\santhosh.250137\AppData\Roaming\npm\node_modules\protractor\node_modules\selenium-webdriver\lib\promise.js:1366:14)
    at TaskQueue.execute_ (C:\Users\santhosh.250137\AppData\Roaming\npm\node_modules\protractor\node_modules\selenium-webdriver\lib\promise.js:2970:14)
    at TaskQueue.executeNext_ (C:\Users\santhosh.250137\AppData\Roaming\npm\node_modules\protractor\node_modules\selenium-webdriver\lib\promise.js:2953:27)
    at asyncRun (C:\Users\santhosh.250137\AppData\Roaming\npm\node_modules\protractor\node_modules\selenium-webdriver\lib\promise.js:2813:27)
    at C:\Users\santhosh.250137\AppData\Roaming\npm\node_modules\protractor\node_modules\selenium-webdriver\lib\promise.js:676:7
    at process._tickCallback (internal/process/next_tick.js:109:7)
From: Task: &lt;anonymous&gt;
    at Timeout.pollCondition [as _onTimeout] (C:\Users\santhosh.250137\AppData\Roaming\npm\node_modules\protractor\node_modules\selenium-webdriver\lib\promise.js:2101:19)
    at ontimeout (timers.js:386:14)
    at tryOnTimeout (timers.js:250:5)
    at Timer.listOnTimeout (timers.js:214:5)
From: Task: &lt;anonymous wait&gt;
    at scheduleWait (C:\Users\santhosh.250137\AppData\Roaming\npm\node_modules\protractor\node_modules\selenium-webdriver\lib\promise.js:2094:20)
    at ControlFlow.wait (C:\Users\santhosh.250137\AppData\Roaming\npm\node_modules\protractor\node_modules\selenium-webdriver\lib\promise.js:2408:12)
    at Driver.wait (C:\Users\santhosh.250137\AppData\Roaming\npm\node_modules\protractor\node_modules\selenium-webdriver\lib\webdriver.js:943:29)
    at run (C:\Users\santhosh.250137\AppData\Roaming\npm\node_modules\protractor\lib\browser.ts:66:27)
    at ProtractorBrowser.to.(anonymous function) [as wait] (C:\Users\santhosh.250137\AppData\Roaming\npm\node_modules\protractor\lib\browser.ts:74:12)
    at UserContext.&lt;anonymous&gt; (D:\NodeJS\Protractor\specs\SMXPlus.js:61:13)
    at C:\Users\santhosh.250137\AppData\Roaming\npm\node_modules\protractor\node_modules\jasminewd2\index.js:112:25
    at new ManagedPromise (C:\Users\santhosh.250137\AppData\Roaming\npm\node_modules\protractor\node_modules\selenium-webdriver\lib\promise.js:1067:7)
    at ControlFlow.promise (C:\Users\santhosh.250137\AppData\Roaming\npm\node_modules\protractor\node_modules\selenium-webdriver\lib\promise.js:2396:12)
    at schedulerExecute (C:\Users\santhosh.250137\AppData\Roaming\npm\node_modules\protractor\node_modules\jasminewd2\index.js:95:18)
From: Task: Run it(&quot;Create New Order&quot;) in control flow
    at UserContext.&lt;anonymous&gt; (C:\Users\santhosh.250137\AppData\Roaming\npm\node_modules\protractor\node_modules\jasminewd2\index.js:94:19)
    at attempt (C:\Users\santhosh.250137\AppData\Roaming\npm\node_modules\protractor\node_modules\jasmine-core\lib\jasmine-core\jasmine.js:4071:26)
    at QueueRunner.run (C:\Users\santhosh.250137\AppData\Roaming\npm\node_modules\protractor\node_modules\jasmine-core\lib\jasmine-core\jasmine.js:3991:20)
    at runNext (C:\Users\santhosh.250137\AppData\Roaming\npm\node_modules\protractor\node_modules\jasmine-core\lib\jasmine-core\jasmine.js:4031:20)
    at C:\Users\santhosh.250137\AppData\Roaming\npm\node_modules\protractor\node_modules\jasmine-core\lib\jasmine-core\jasmine.js:4038:13
    at C:\Users\santhosh.250137\AppData\Roaming\npm\node_modules\protractor\node_modules\jasmine-core\lib\jasmine-core\jasmine.js:3946:9
    at C:\Users\santhosh.250137\AppData\Roaming\npm\node_modules\protractor\node_modules\jasminewd2\index.js:64:48
    at ControlFlow.emit (C:\Users\santhosh.250137\AppData\Roaming\npm\node_modules\protractor\node_modules\selenium-webdriver\lib\events.js:62:21)
    at ControlFlow.shutdown_ (C:\Users\santhosh.250137\AppData\Roaming\npm\node_modules\protractor\node_modules\selenium-webdriver\lib\promise.js:2565:10)
    at shutdownTask_.MicroTask (C:\Users\santhosh.250137\AppData\Roaming\npm\node_modules\protractor\node_modules\selenium-webdriver\lib\promise.js:2490:53)
From asynchronous test: 
Error
    at Suite.&lt;anonymous&gt; (D:\NodeJS\Protractor\specs\SMXPlus.js:59:1)
    at addSpecsToSuite (C:\Users\santhosh.250137\AppData\Roaming\npm\node_modules\protractor\node_modules\jasmine-core\lib\jasmine-core\jasmine.js:1013:25)
    at Env.describe (C:\Users\santhosh.250137\AppData\Roaming\npm\node_modules\protractor\node_modules\jasmine-core\lib\jasmine-core\jasmine.js:980:7)
    at describe (C:\Users\santhosh.250137\AppData\Roaming\npm\node_modules\protractor\node_modules\jasmine-core\lib\jasmine-core\jasmine.js:4163:18)
    at Object.&lt;anonymous&gt; (D:\NodeJS\Protractor\specs\SMXPlus.js:5:1)
    at Module._compile (module.js:570:32)
    at Object.Module._extensions..js (module.js:579:10)
    at Module.load (module.js:487:32)
    at tryModuleLoad (module.js:446:12)</stack-trace>
			</failure>
		</test-case>
		<test-case start="1504926559275" stop="1504926559353" status="failed">
			<name>Enter Order Details On CNOM</name>
			<title>Enter Order Details On CNOM</title>
			<description></description>
			<labels>
			</labels>
			<parameters>
			</parameters>
			<steps>
			</steps>
			<attachments>
			</attachments>
			<failure>
				<message>Failed: no such window: target window already closed
from unknown error: web view not found
  (Session info: chrome=60.0.3112.113)
  (Driver info: chromedriver=2.31.488763 (092de99f48a300323ecf8c2a4e2e7cab51de5ba8),platform=Windows NT 10.0.14393 x86_64)</message>
				<stack-trace>NoSuchWindowError: no such window: target window already closed
from unknown error: web view not found
  (Session info: chrome=60.0.3112.113)
  (Driver info: chromedriver=2.31.488763 (092de99f48a300323ecf8c2a4e2e7cab51de5ba8),platform=Windows NT 10.0.14393 x86_64)
    at WebDriverError (C:\Users\santhosh.250137\AppData\Roaming\npm\node_modules\protractor\node_modules\selenium-webdriver\lib\error.js:27:5)
    at NoSuchWindowError (C:\Users\santhosh.250137\AppData\Roaming\npm\node_modules\protractor\node_modules\selenium-webdriver\lib\error.js:192:5)
    at Object.checkLegacyResponse (C:\Users\santhosh.250137\AppData\Roaming\npm\node_modules\protractor\node_modules\selenium-webdriver\lib\error.js:505:15)
    at parseHttpResponse (C:\Users\santhosh.250137\AppData\Roaming\npm\node_modules\protractor\node_modules\selenium-webdriver\lib\http.js:509:13)
    at doSend.then.response (C:\Users\santhosh.250137\AppData\Roaming\npm\node_modules\protractor\node_modules\selenium-webdriver\lib\http.js:440:13)
    at process._tickCallback (internal/process/next_tick.js:109:7)
From: Task: WebDriver.findElements(By(css selector, *[id=&quot;createdorderName&quot;]))
    at Driver.schedule (C:\Users\santhosh.250137\AppData\Roaming\npm\node_modules\protractor\node_modules\selenium-webdriver\lib\webdriver.js:816:17)
    at Driver.findElements (C:\Users\santhosh.250137\AppData\Roaming\npm\node_modules\protractor\node_modules\selenium-webdriver\lib\webdriver.js:1057:22)
    at ptor.waitForAngular.then (C:\Users\santhosh.250137\AppData\Roaming\npm\node_modules\protractor\lib\element.ts:166:36)
    at ManagedPromise.invokeCallback_ (C:\Users\santhosh.250137\AppData\Roaming\npm\node_modules\protractor\node_modules\selenium-webdriver\lib\promise.js:1366:14)
    at TaskQueue.execute_ (C:\Users\santhosh.250137\AppData\Roaming\npm\node_modules\protractor\node_modules\selenium-webdriver\lib\promise.js:2970:14)
    at TaskQueue.executeNext_ (C:\Users\santhosh.250137\AppData\Roaming\npm\node_modules\protractor\node_modules\selenium-webdriver\lib\promise.js:2953:27)
    at asyncRun (C:\Users\santhosh.250137\AppData\Roaming\npm\node_modules\protractor\node_modules\selenium-webdriver\lib\promise.js:2813:27)
    at C:\Users\santhosh.250137\AppData\Roaming\npm\node_modules\protractor\node_modules\selenium-webdriver\lib\promise.js:676:7
    at Immediate._tickCallback (internal/process/next_tick.js:109:7)
    at runCallback (timers.js:672:20)
From: Task: &lt;anonymous&gt;
    at pollCondition (C:\Users\santhosh.250137\AppData\Roaming\npm\node_modules\protractor\node_modules\selenium-webdriver\lib\promise.js:2101:19)
    at C:\Users\santhosh.250137\AppData\Roaming\npm\node_modules\protractor\node_modules\selenium-webdriver\lib\promise.js:2097:7
    at new ManagedPromise (C:\Users\santhosh.250137\AppData\Roaming\npm\node_modules\protractor\node_modules\selenium-webdriver\lib\promise.js:1067:7)
    at ControlFlow.promise (C:\Users\santhosh.250137\AppData\Roaming\npm\node_modules\protractor\node_modules\selenium-webdriver\lib\promise.js:2396:12)
    at C:\Users\santhosh.250137\AppData\Roaming\npm\node_modules\protractor\node_modules\selenium-webdriver\lib\promise.js:2096:22
    at TaskQueue.execute_ (C:\Users\santhosh.250137\AppData\Roaming\npm\node_modules\protractor\node_modules\selenium-webdriver\lib\promise.js:2970:14)
    at TaskQueue.executeNext_ (C:\Users\santhosh.250137\AppData\Roaming\npm\node_modules\protractor\node_modules\selenium-webdriver\lib\promise.js:2953:27)
    at asyncRun (C:\Users\santhosh.250137\AppData\Roaming\npm\node_modules\protractor\node_modules\selenium-webdriver\lib\promise.js:2860:25)
    at C:\Users\santhosh.250137\AppData\Roaming\npm\node_modules\protractor\node_modules\selenium-webdriver\lib\promise.js:676:7
    at Immediate._tickCallback (internal/process/next_tick.js:109:7)
From: Task: &lt;anonymous wait&gt;
    at scheduleWait (C:\Users\santhosh.250137\AppData\Roaming\npm\node_modules\protractor\node_modules\selenium-webdriver\lib\promise.js:2094:20)
    at ControlFlow.wait (C:\Users\santhosh.250137\AppData\Roaming\npm\node_modules\protractor\node_modules\selenium-webdriver\lib\promise.js:2408:12)
    at Driver.wait (C:\Users\santhosh.250137\AppData\Roaming\npm\node_modules\protractor\node_modules\selenium-webdriver\lib\webdriver.js:943:29)
    at run (C:\Users\santhosh.250137\AppData\Roaming\npm\node_modules\protractor\lib\browser.ts:66:27)
    at ProtractorBrowser.to.(anonymous function) [as wait] (C:\Users\santhosh.250137\AppData\Roaming\npm\node_modules\protractor\lib\browser.ts:74:12)
    at UserContext.&lt;anonymous&gt; (D:\NodeJS\Protractor\specs\SMXPlus.js:68:13)
    at C:\Users\santhosh.250137\AppData\Roaming\npm\node_modules\protractor\node_modules\jasminewd2\index.js:112:25
    at new ManagedPromise (C:\Users\santhosh.250137\AppData\Roaming\npm\node_modules\protractor\node_modules\selenium-webdriver\lib\promise.js:1067:7)
    at ControlFlow.promise (C:\Users\santhosh.250137\AppData\Roaming\npm\node_modules\protractor\node_modules\selenium-webdriver\lib\promise.js:2396:12)
    at schedulerExecute (C:\Users\santhosh.250137\AppData\Roaming\npm\node_modules\protractor\node_modules\jasminewd2\index.js:95:18)
From: Task: Run it(&quot;Enter Order Details On CNOM&quot;) in control flow
    at UserContext.&lt;anonymous&gt; (C:\Users\santhosh.250137\AppData\Roaming\npm\node_modules\protractor\node_modules\jasminewd2\index.js:94:19)
    at attempt (C:\Users\santhosh.250137\AppData\Roaming\npm\node_modules\protractor\node_modules\jasmine-core\lib\jasmine-core\jasmine.js:4071:26)
    at QueueRunner.run (C:\Users\santhosh.250137\AppData\Roaming\npm\node_modules\protractor\node_modules\jasmine-core\lib\jasmine-core\jasmine.js:3991:20)
    at runNext (C:\Users\santhosh.250137\AppData\Roaming\npm\node_modules\protractor\node_modules\jasmine-core\lib\jasmine-core\jasmine.js:4031:20)
    at C:\Users\santhosh.250137\AppData\Roaming\npm\node_modules\protractor\node_modules\jasmine-core\lib\jasmine-core\jasmine.js:4038:13
    at C:\Users\santhosh.250137\AppData\Roaming\npm\node_modules\protractor\node_modules\jasmine-core\lib\jasmine-core\jasmine.js:3946:9
    at C:\Users\santhosh.250137\AppData\Roaming\npm\node_modules\protractor\node_modules\jasminewd2\index.js:64:48
    at ControlFlow.emit (C:\Users\santhosh.250137\AppData\Roaming\npm\node_modules\protractor\node_modules\selenium-webdriver\lib\events.js:62:21)
    at ControlFlow.shutdown_ (C:\Users\santhosh.250137\AppData\Roaming\npm\node_modules\protractor\node_modules\selenium-webdriver\lib\promise.js:2565:10)
    at shutdownTask_.MicroTask (C:\Users\santhosh.250137\AppData\Roaming\npm\node_modules\protractor\node_modules\selenium-webdriver\lib\promise.js:2490:53)
From asynchronous test: 
Error
    at Suite.&lt;anonymous&gt; (D:\NodeJS\Protractor\specs\SMXPlus.js:66:1)
    at addSpecsToSuite (C:\Users\santhosh.250137\AppData\Roaming\npm\node_modules\protractor\node_modules\jasmine-core\lib\jasmine-core\jasmine.js:1013:25)
    at Env.describe (C:\Users\santhosh.250137\AppData\Roaming\npm\node_modules\protractor\node_modules\jasmine-core\lib\jasmine-core\jasmine.js:980:7)
    at describe (C:\Users\santhosh.250137\AppData\Roaming\npm\node_modules\protractor\node_modules\jasmine-core\lib\jasmine-core\jasmine.js:4163:18)
    at Object.&lt;anonymous&gt; (D:\NodeJS\Protractor\specs\SMXPlus.js:5:1)
    at Module._compile (module.js:570:32)
    at Object.Module._extensions..js (module.js:579:10)
    at Module.load (module.js:487:32)
    at tryModuleLoad (module.js:446:12)</stack-trace>
			</failure>
		</test-case>
	</test-cases>
</ns2:test-suite>