<?xml version="1.0" encoding="UTF-8"?>
<ns2:test-suite xmlns:ns2="urn:model.allure.qatools.yandex.ru" start="1504927999702" stop="1504928054376">
	<name>Protractor Demo App</name>
	<title>Protractor Demo App</title>
	<test-cases>
		<test-case start="1504927999702" stop="1504928014592" status="failed">
			<name>Open Application </name>
			<title>Open Application </title>
			<description></description>
			<labels>
			</labels>
			<parameters>
			</parameters>
			<steps>
			</steps>
			<attachments>
				<attachment title="Screenshot" source="8fec7e41-bce3-49ad-b44c-65b14a6c9fe1-attachment.png" type="image/png" size="24087"/>
			</attachments>
			<failure>
				<message>Error: Error while waiting for Protractor to sync with the page: &quot;window.angular is undefined.  This could be either because this is a non-angular page or because your test involves client-side navigation, which can interfere with Protractor&apos;s bootstrapping.  See http://git.io/v4gXM for details&quot;</message>
				<stack-trace>Error: Error while waiting for Protractor to sync with the page: &quot;window.angular is undefined.  This could be either because this is a non-angular page or because your test involves client-side navigation, which can interfere with Protractor&apos;s bootstrapping.  See http://git.io/v4gXM for details&quot;
    at runWaitForAngularScript.then (C:\Users\santhosh.250137\AppData\Roaming\npm\node_modules\protractor\lib\browser.ts:653:19)
    at ManagedPromise.invokeCallback_ (C:\Users\santhosh.250137\AppData\Roaming\npm\node_modules\protractor\node_modules\selenium-webdriver\lib\promise.js:1366:14)
    at TaskQueue.execute_ (C:\Users\santhosh.250137\AppData\Roaming\npm\node_modules\protractor\node_modules\selenium-webdriver\lib\promise.js:2970:14)
    at TaskQueue.executeNext_ (C:\Users\santhosh.250137\AppData\Roaming\npm\node_modules\protractor\node_modules\selenium-webdriver\lib\promise.js:2953:27)
    at asyncRun (C:\Users\santhosh.250137\AppData\Roaming\npm\node_modules\protractor\node_modules\selenium-webdriver\lib\promise.js:2813:27)
    at C:\Users\santhosh.250137\AppData\Roaming\npm\node_modules\protractor\node_modules\selenium-webdriver\lib\promise.js:676:7
    at process._tickCallback (internal/process/next_tick.js:109:7)Error
    at ElementArrayFinder.applyAction_ (C:\Users\santhosh.250137\AppData\Roaming\npm\node_modules\protractor\lib\element.ts:482:23)
    at ElementArrayFinder.(anonymous function) [as click] (C:\Users\santhosh.250137\AppData\Roaming\npm\node_modules\protractor\lib\element.ts:96:21)
    at ElementFinder.(anonymous function) [as click] (C:\Users\santhosh.250137\AppData\Roaming\npm\node_modules\protractor\lib\element.ts:873:14)
    at Suite.&lt;anonymous&gt; (D:\NodeJS\Protractor\specs\SMXPlus.js:102:37)
    at addSpecsToSuite (C:\Users\santhosh.250137\AppData\Roaming\npm\node_modules\protractor\node_modules\jasmine-core\lib\jasmine-core\jasmine.js:1013:25)
    at Env.describe (C:\Users\santhosh.250137\AppData\Roaming\npm\node_modules\protractor\node_modules\jasmine-core\lib\jasmine-core\jasmine.js:980:7)
    at describe (C:\Users\santhosh.250137\AppData\Roaming\npm\node_modules\protractor\node_modules\jasmine-core\lib\jasmine-core\jasmine.js:4163:18)
    at Object.&lt;anonymous&gt; (D:\NodeJS\Protractor\specs\SMXPlus.js:5:1)
    at Module._compile (module.js:570:32)
    at Object.Module._extensions..js (module.js:579:10)</stack-trace>
			</failure>
		</test-case>
		<test-case start="1504928014592" stop="1504928024741" status="passed">
			<name>Enter user name &amp; pwd and click login</name>
			<title>Enter user name &amp; pwd and click login</title>
			<description></description>
			<labels>
			</labels>
			<parameters>
			</parameters>
			<steps>
			</steps>
			<attachments>
				<attachment title="Screenshot" source="ca9893d2-019e-45ab-b558-cae44a52a3f9-attachment.png" type="image/png" size="286015"/>
			</attachments>
		</test-case>
		<test-case start="1504928024741" stop="1504928041755" status="failed">
			<name>Select a Customer</name>
			<title>Select a Customer</title>
			<description></description>
			<labels>
			</labels>
			<parameters>
			</parameters>
			<steps>
			</steps>
			<attachments>
				<attachment title="Screenshot" source="4e1e0b17-9aae-4b80-aa36-cc15f8e356b0-attachment.png" type="image/png" size="167806"/>
			</attachments>
			<failure>
				<message>Failed: Wait timed out after 15024ms</message>
				<stack-trace>TimeoutError: Wait timed out after 15024ms
    at WebDriverError (C:\Users\santhosh.250137\AppData\Roaming\npm\node_modules\protractor\node_modules\selenium-webdriver\lib\error.js:27:5)
    at TimeoutError (C:\Users\santhosh.250137\AppData\Roaming\npm\node_modules\protractor\node_modules\selenium-webdriver\lib\error.js:238:5)
    at C:\Users\santhosh.250137\AppData\Roaming\npm\node_modules\protractor\node_modules\selenium-webdriver\lib\promise.js:2107:17
    at ManagedPromise.invokeCallback_ (C:\Users\santhosh.250137\AppData\Roaming\npm\node_modules\protractor\node_modules\selenium-webdriver\lib\promise.js:1366:14)
    at TaskQueue.execute_ (C:\Users\santhosh.250137\AppData\Roaming\npm\node_modules\protractor\node_modules\selenium-webdriver\lib\promise.js:2970:14)
    at TaskQueue.executeNext_ (C:\Users\santhosh.250137\AppData\Roaming\npm\node_modules\protractor\node_modules\selenium-webdriver\lib\promise.js:2953:27)
    at asyncRun (C:\Users\santhosh.250137\AppData\Roaming\npm\node_modules\protractor\node_modules\selenium-webdriver\lib\promise.js:2813:27)
    at C:\Users\santhosh.250137\AppData\Roaming\npm\node_modules\protractor\node_modules\selenium-webdriver\lib\promise.js:676:7
    at process._tickCallback (internal/process/next_tick.js:109:7)
From: Task: &lt;anonymous wait&gt;
    at scheduleWait (C:\Users\santhosh.250137\AppData\Roaming\npm\node_modules\protractor\node_modules\selenium-webdriver\lib\promise.js:2094:20)
    at ControlFlow.wait (C:\Users\santhosh.250137\AppData\Roaming\npm\node_modules\protractor\node_modules\selenium-webdriver\lib\promise.js:2408:12)
    at Driver.wait (C:\Users\santhosh.250137\AppData\Roaming\npm\node_modules\protractor\node_modules\selenium-webdriver\lib\webdriver.js:943:29)
    at run (C:\Users\santhosh.250137\AppData\Roaming\npm\node_modules\protractor\lib\browser.ts:66:27)
    at ProtractorBrowser.to.(anonymous function) [as wait] (C:\Users\santhosh.250137\AppData\Roaming\npm\node_modules\protractor\lib\browser.ts:74:12)
    at UserContext.&lt;anonymous&gt; (D:\NodeJS\Protractor\specs\SMXPlus.js:35:13)
    at C:\Users\santhosh.250137\AppData\Roaming\npm\node_modules\protractor\node_modules\jasminewd2\index.js:112:25
    at new ManagedPromise (C:\Users\santhosh.250137\AppData\Roaming\npm\node_modules\protractor\node_modules\selenium-webdriver\lib\promise.js:1067:7)
    at ControlFlow.promise (C:\Users\santhosh.250137\AppData\Roaming\npm\node_modules\protractor\node_modules\selenium-webdriver\lib\promise.js:2396:12)
    at schedulerExecute (C:\Users\santhosh.250137\AppData\Roaming\npm\node_modules\protractor\node_modules\jasminewd2\index.js:95:18)
From: Task: Run it(&quot;Select a Customer&quot;) in control flow
    at UserContext.&lt;anonymous&gt; (C:\Users\santhosh.250137\AppData\Roaming\npm\node_modules\protractor\node_modules\jasminewd2\index.js:94:19)
    at attempt (C:\Users\santhosh.250137\AppData\Roaming\npm\node_modules\protractor\node_modules\jasmine-core\lib\jasmine-core\jasmine.js:4071:26)
    at QueueRunner.run (C:\Users\santhosh.250137\AppData\Roaming\npm\node_modules\protractor\node_modules\jasmine-core\lib\jasmine-core\jasmine.js:3991:20)
    at runNext (C:\Users\santhosh.250137\AppData\Roaming\npm\node_modules\protractor\node_modules\jasmine-core\lib\jasmine-core\jasmine.js:4031:20)
    at C:\Users\santhosh.250137\AppData\Roaming\npm\node_modules\protractor\node_modules\jasmine-core\lib\jasmine-core\jasmine.js:4038:13
    at C:\Users\santhosh.250137\AppData\Roaming\npm\node_modules\protractor\node_modules\jasmine-core\lib\jasmine-core\jasmine.js:3946:9
    at C:\Users\santhosh.250137\AppData\Roaming\npm\node_modules\protractor\node_modules\jasminewd2\index.js:64:48
    at ControlFlow.emit (C:\Users\santhosh.250137\AppData\Roaming\npm\node_modules\protractor\node_modules\selenium-webdriver\lib\events.js:62:21)
    at ControlFlow.shutdown_ (C:\Users\santhosh.250137\AppData\Roaming\npm\node_modules\protractor\node_modules\selenium-webdriver\lib\promise.js:2565:10)
    at shutdownTask_.MicroTask (C:\Users\santhosh.250137\AppData\Roaming\npm\node_modules\protractor\node_modules\selenium-webdriver\lib\promise.js:2490:53)
From asynchronous test: 
Error
    at Suite.&lt;anonymous&gt; (D:\NodeJS\Protractor\specs\SMXPlus.js:30:3)
    at addSpecsToSuite (C:\Users\santhosh.250137\AppData\Roaming\npm\node_modules\protractor\node_modules\jasmine-core\lib\jasmine-core\jasmine.js:1013:25)
    at Env.describe (C:\Users\santhosh.250137\AppData\Roaming\npm\node_modules\protractor\node_modules\jasmine-core\lib\jasmine-core\jasmine.js:980:7)
    at describe (C:\Users\santhosh.250137\AppData\Roaming\npm\node_modules\protractor\node_modules\jasmine-core\lib\jasmine-core\jasmine.js:4163:18)
    at Object.&lt;anonymous&gt; (D:\NodeJS\Protractor\specs\SMXPlus.js:5:1)
    at Module._compile (module.js:570:32)
    at Object.Module._extensions..js (module.js:579:10)
    at Module.load (module.js:487:32)
    at tryModuleLoad (module.js:446:12)</stack-trace>
			</failure>
		</test-case>
		<test-case start="1504928041755" stop="1504928042711" status="failed">
			<name>Create New Order</name>
			<title>Create New Order</title>
			<description></description>
			<labels>
			</labels>
			<parameters>
			</parameters>
			<steps>
			</steps>
			<attachments>
				<attachment title="Screenshot" source="d6282535-0820-48a2-b3d0-2d7aa77a6b6f-attachment.png" type="image/png" size="254538"/>
			</attachments>
			<failure>
				<message>Failed: unknown error: Element &lt;input type=&quot;button&quot; value=&quot;Start New Order&quot; class=&quot;crtordbtn basic&quot;&gt; is not clickable at point (577, 145). Other element would receive the click: &lt;div class=&quot;.wm-custom-popop-content&quot; data-div=&quot;class=&amp;quot;.wm-custom-popop-content&amp;quot;&quot;&gt;...&lt;/div&gt;
  (Session info: chrome=60.0.3112.113)
  (Driver info: chromedriver=2.31.488763 (092de99f48a300323ecf8c2a4e2e7cab51de5ba8),platform=Windows NT 10.0.14393 x86_64)</message>
				<stack-trace>WebDriverError: unknown error: Element &lt;input type=&quot;button&quot; value=&quot;Start New Order&quot; class=&quot;crtordbtn basic&quot;&gt; is not clickable at point (577, 145). Other element would receive the click: &lt;div class=&quot;.wm-custom-popop-content&quot; data-div=&quot;class=&amp;quot;.wm-custom-popop-content&amp;quot;&quot;&gt;...&lt;/div&gt;
  (Session info: chrome=60.0.3112.113)
  (Driver info: chromedriver=2.31.488763 (092de99f48a300323ecf8c2a4e2e7cab51de5ba8),platform=Windows NT 10.0.14393 x86_64)
    at WebDriverError (C:\Users\santhosh.250137\AppData\Roaming\npm\node_modules\protractor\node_modules\selenium-webdriver\lib\error.js:27:5)
    at Object.checkLegacyResponse (C:\Users\santhosh.250137\AppData\Roaming\npm\node_modules\protractor\node_modules\selenium-webdriver\lib\error.js:505:15)
    at parseHttpResponse (C:\Users\santhosh.250137\AppData\Roaming\npm\node_modules\protractor\node_modules\selenium-webdriver\lib\http.js:509:13)
    at doSend.then.response (C:\Users\santhosh.250137\AppData\Roaming\npm\node_modules\protractor\node_modules\selenium-webdriver\lib\http.js:440:13)
    at process._tickCallback (internal/process/next_tick.js:109:7)
From: Task: WebElement.click()
    at Driver.schedule (C:\Users\santhosh.250137\AppData\Roaming\npm\node_modules\protractor\node_modules\selenium-webdriver\lib\webdriver.js:816:17)
    at WebElement.schedule_ (C:\Users\santhosh.250137\AppData\Roaming\npm\node_modules\protractor\node_modules\selenium-webdriver\lib\webdriver.js:1921:25)
    at WebElement.click (C:\Users\santhosh.250137\AppData\Roaming\npm\node_modules\protractor\node_modules\selenium-webdriver\lib\webdriver.js:2002:17)
    at actionFn (C:\Users\santhosh.250137\AppData\Roaming\npm\node_modules\protractor\lib\element.ts:94:34)
    at Array.map (native)
    at actionResults.getWebElements.then (C:\Users\santhosh.250137\AppData\Roaming\npm\node_modules\protractor\lib\element.ts:484:67)
    at ManagedPromise.invokeCallback_ (C:\Users\santhosh.250137\AppData\Roaming\npm\node_modules\protractor\node_modules\selenium-webdriver\lib\promise.js:1366:14)
    at TaskQueue.execute_ (C:\Users\santhosh.250137\AppData\Roaming\npm\node_modules\protractor\node_modules\selenium-webdriver\lib\promise.js:2970:14)
    at TaskQueue.executeNext_ (C:\Users\santhosh.250137\AppData\Roaming\npm\node_modules\protractor\node_modules\selenium-webdriver\lib\promise.js:2953:27)
    at asyncRun (C:\Users\santhosh.250137\AppData\Roaming\npm\node_modules\protractor\node_modules\selenium-webdriver\lib\promise.js:2813:27)Error
    at ElementArrayFinder.applyAction_ (C:\Users\santhosh.250137\AppData\Roaming\npm\node_modules\protractor\lib\element.ts:482:23)
    at ElementArrayFinder.(anonymous function) [as click] (C:\Users\santhosh.250137\AppData\Roaming\npm\node_modules\protractor\lib\element.ts:96:21)
    at ElementFinder.(anonymous function) [as click] (C:\Users\santhosh.250137\AppData\Roaming\npm\node_modules\protractor\lib\element.ts:873:14)
    at UserContext.&lt;anonymous&gt; (D:\NodeJS\Protractor\specs\SMXPlus.js:62:22)
    at C:\Users\santhosh.250137\AppData\Roaming\npm\node_modules\protractor\node_modules\jasminewd2\index.js:112:25
    at new ManagedPromise (C:\Users\santhosh.250137\AppData\Roaming\npm\node_modules\protractor\node_modules\selenium-webdriver\lib\promise.js:1067:7)
    at ControlFlow.promise (C:\Users\santhosh.250137\AppData\Roaming\npm\node_modules\protractor\node_modules\selenium-webdriver\lib\promise.js:2396:12)
    at schedulerExecute (C:\Users\santhosh.250137\AppData\Roaming\npm\node_modules\protractor\node_modules\jasminewd2\index.js:95:18)
    at TaskQueue.execute_ (C:\Users\santhosh.250137\AppData\Roaming\npm\node_modules\protractor\node_modules\selenium-webdriver\lib\promise.js:2970:14)
    at TaskQueue.executeNext_ (C:\Users\santhosh.250137\AppData\Roaming\npm\node_modules\protractor\node_modules\selenium-webdriver\lib\promise.js:2953:27)
From: Task: Run it(&quot;Create New Order&quot;) in control flow
    at UserContext.&lt;anonymous&gt; (C:\Users\santhosh.250137\AppData\Roaming\npm\node_modules\protractor\node_modules\jasminewd2\index.js:94:19)
    at attempt (C:\Users\santhosh.250137\AppData\Roaming\npm\node_modules\protractor\node_modules\jasmine-core\lib\jasmine-core\jasmine.js:4071:26)
    at QueueRunner.run (C:\Users\santhosh.250137\AppData\Roaming\npm\node_modules\protractor\node_modules\jasmine-core\lib\jasmine-core\jasmine.js:3991:20)
    at runNext (C:\Users\santhosh.250137\AppData\Roaming\npm\node_modules\protractor\node_modules\jasmine-core\lib\jasmine-core\jasmine.js:4031:20)
    at C:\Users\santhosh.250137\AppData\Roaming\npm\node_modules\protractor\node_modules\jasmine-core\lib\jasmine-core\jasmine.js:4038:13
    at C:\Users\santhosh.250137\AppData\Roaming\npm\node_modules\protractor\node_modules\jasmine-core\lib\jasmine-core\jasmine.js:3946:9
    at C:\Users\santhosh.250137\AppData\Roaming\npm\node_modules\protractor\node_modules\jasminewd2\index.js:64:48
    at ControlFlow.emit (C:\Users\santhosh.250137\AppData\Roaming\npm\node_modules\protractor\node_modules\selenium-webdriver\lib\events.js:62:21)
    at ControlFlow.shutdown_ (C:\Users\santhosh.250137\AppData\Roaming\npm\node_modules\protractor\node_modules\selenium-webdriver\lib\promise.js:2565:10)
    at shutdownTask_.MicroTask (C:\Users\santhosh.250137\AppData\Roaming\npm\node_modules\protractor\node_modules\selenium-webdriver\lib\promise.js:2490:53)
From asynchronous test: 
Error
    at Suite.&lt;anonymous&gt; (D:\NodeJS\Protractor\specs\SMXPlus.js:59:1)
    at addSpecsToSuite (C:\Users\santhosh.250137\AppData\Roaming\npm\node_modules\protractor\node_modules\jasmine-core\lib\jasmine-core\jasmine.js:1013:25)
    at Env.describe (C:\Users\santhosh.250137\AppData\Roaming\npm\node_modules\protractor\node_modules\jasmine-core\lib\jasmine-core\jasmine.js:980:7)
    at describe (C:\Users\santhosh.250137\AppData\Roaming\npm\node_modules\protractor\node_modules\jasmine-core\lib\jasmine-core\jasmine.js:4163:18)
    at Object.&lt;anonymous&gt; (D:\NodeJS\Protractor\specs\SMXPlus.js:5:1)
    at Module._compile (module.js:570:32)
    at Object.Module._extensions..js (module.js:579:10)
    at Module.load (module.js:487:32)
    at tryModuleLoad (module.js:446:12)</stack-trace>
			</failure>
		</test-case>
		<test-case start="1504928042711" stop="1504928054376" status="passed">
			<name>Enter Order Details On CNOM</name>
			<title>Enter Order Details On CNOM</title>
			<description></description>
			<labels>
			</labels>
			<parameters>
			</parameters>
			<steps>
			</steps>
			<attachments>
				<attachment title="Screenshot" source="3f521828-9a15-44b6-9b7c-542fdbaedfde-attachment.png" type="image/png" size="99505"/>
			</attachments>
		</test-case>
	</test-cases>
</ns2:test-suite>